<?xml version="1.0" encoding="UTF-8"?>
<!-- Generated by org.testng.reporters.JUnitReportReporter -->
<testsuite hostname="Admin-PC" failures="0" tests="4" name="com.freecrm.testcases.LoginPageTest" time="28.476" errors="0" timestamp="2020-06-09T02:00:44 GMT+02:00" skipped="0">
  <testcase classname="com.freecrm.testcases.LoginPageTest" name="getTitle" time="5.544"/>
  <system-out/>
  <testcase classname="com.freecrm.testcases.LoginPageTest" name="LoginPositiveCase" time="8.639"/>
  <system-out/>
  <testcase classname="com.freecrm.testcases.LoginPageTest" name="LoginNegativeCase" time="6.919"/>
  <system-out/>
  <testcase classname="com.freecrm.testcases.LoginPageTest" name="LoginMissedCredintialsCase" time="7.374"/>
  <system-out/>
</testsuite> <!-- com.freecrm.testcases.LoginPageTest -->
