<?xml version="1.0" encoding="UTF-8"?>
<!-- Generated by org.testng.reporters.JUnitReportReporter -->
<testsuite hostname="Admin-PC" failures="0" tests="3" name="com.freecrm.testcases.CreateNewPipeline" time="46.415" errors="0" timestamp="2020-06-09T02:00:44 GMT+02:00" skipped="0">
  <testcase classname="com.freecrm.testcases.CreateNewPipeline" name="checkcreatebutton" time="15.545"/>
  <system-out/>
  <testcase classname="com.freecrm.testcases.CreateNewPipeline" name="checkDiscardbutton" time="12.036"/>
  <system-out/>
  <testcase classname="com.freecrm.testcases.CreateNewPipeline" name="checkmandatoryfieldsalertmessages" time="18.834"/>
  <system-out/>
</testsuite> <!-- com.freecrm.testcases.CreateNewPipeline -->
