<?xml version="1.0" encoding="UTF-8"?>
<!-- Generated by org.testng.reporters.JUnitReportReporter -->
<testsuite hostname="Admin-PC" failures="0" tests="1" name="com.freecrm.testcases.ViewLinksTest" time="24.155" errors="0" timestamp="2020-06-09T02:00:44 GMT+02:00" skipped="0">
  <testcase classname="com.freecrm.testcases.ViewLinksTest" name="checkviewsbuttons" time="24.155"/>
  <system-out/>
</testsuite> <!-- com.freecrm.testcases.ViewLinksTest -->
