<?xml version="1.0" encoding="UTF-8"?>
<!-- Generated by org.testng.reporters.JUnitReportReporter -->
<testsuite hostname="Admin-PC" failures="0" tests="1" name="com.freecrm.testcases.Compare" time="24.479" errors="0" timestamp="2020-06-09T01:51:41 GMT+02:00" skipped="0">
  <testcase classname="com.freecrm.testcases.Compare" name="checkviewsbuttons" time="24.479"/>
  <system-out/>
</testsuite> <!-- com.freecrm.testcases.Compare -->
